0 info it worked if it ends with ok
1 verbose cli [ 'C:\\Program Files\\nodejs\\node.exe',
1 verbose cli   'C:\\Users\\俞华\\AppData\\Roaming\\npm\\node_modules\\cnpm\\node_modules\\npm\\bin\\npm-cli.js',
1 verbose cli   '--userconfig=C:\\Users\\俞华\\.cnpmrc',
1 verbose cli   '--disturl=https://npm.taobao.org/mirrors/node',
1 verbose cli   '--registry=https://registry.npm.taobao.org',
1 verbose cli   'run',
1 verbose cli   'prod.server.js' ]
2 info using npm@3.10.10
3 info using node@v7.10.0
4 verbose stack Error: missing script: prod.server.js
4 verbose stack     at run (C:\Users\俞华\AppData\Roaming\npm\node_modules\cnpm\node_modules\npm\lib\run-script.js:151:19)
4 verbose stack     at C:\Users\俞华\AppData\Roaming\npm\node_modules\cnpm\node_modules\npm\lib\run-script.js:61:5
4 verbose stack     at C:\Users\俞华\AppData\Roaming\npm\node_modules\cnpm\node_modules\npm\node_modules\read-package-json\read-json.js:356:5
4 verbose stack     at checkBinReferences_ (C:\Users\俞华\AppData\Roaming\npm\node_modules\cnpm\node_modules\npm\node_modules\read-package-json\read-json.js:320:45)
4 verbose stack     at final (C:\Users\俞华\AppData\Roaming\npm\node_modules\cnpm\node_modules\npm\node_modules\read-package-json\read-json.js:354:3)
4 verbose stack     at then (C:\Users\俞华\AppData\Roaming\npm\node_modules\cnpm\node_modules\npm\node_modules\read-package-json\read-json.js:124:5)
4 verbose stack     at C:\Users\俞华\AppData\Roaming\npm\node_modules\cnpm\node_modules\npm\node_modules\read-package-json\read-json.js:243:12
4 verbose stack     at C:\Users\俞华\AppData\Roaming\npm\node_modules\cnpm\node_modules\npm\node_modules\graceful-fs\graceful-fs.js:78:16
4 verbose stack     at tryToString (fs.js:449:3)
4 verbose stack     at FSReqWrap.readFileAfterClose [as oncomplete] (fs.js:436:12)
5 verbose cwd C:\Users\俞华\Desktop\面试项目\音乐播放器\motuomusic
6 error Windows_NT 10.0.14393
7 error argv "C:\\Program Files\\nodejs\\node.exe" "C:\\Users\\俞华\\AppData\\Roaming\\npm\\node_modules\\cnpm\\node_modules\\npm\\bin\\npm-cli.js" "--userconfig=C:\\Users\\俞华\\.cnpmrc" "--disturl=https://npm.taobao.org/mirrors/node" "--registry=https://registry.npm.taobao.org" "run" "prod.server.js"
8 error node v7.10.0
9 error npm  v3.10.10
10 error missing script: prod.server.js
11 error If you need help, you may report this error at:
11 error     <https://github.com/npm/npm/issues>
12 verbose exit [ 1, true ]
